2023-09-08 13:22:07,012 - __main__ - INFO - Transformation start
2023-09-08 13:22:07,030 - __main__ - INFO - DataFrames joined
2023-09-08 13:22:07,044 - __main__ - INFO - DataFrames columns renamed
2023-09-08 13:22:07,090 - __main__ - INFO - DataFrames filtered on countries
2023-09-08 13:22:07,091 - __main__ - INFO - Transformation end
2023-09-08 13:22:07,523 - __main__ - INFO - Load start
2023-09-08 13:22:07,793 - __main__ - INFO - DataFrame written to CSV
2023-09-08 13:22:07,793 - __main__ - INFO - Load end
2023-09-08 13:22:07,794 - __main__ - INFO - Program end
2023-09-08 13:39:59,555 - __main__ - INFO - Program start
2023-09-08 13:39:59,556 - __main__ - INFO - Argument parser start
2023-09-08 13:39:59,557 - __main__ - INFO - Parsed filepaths checked
2023-09-08 13:39:59,561 - __main__ - INFO - Parsed countries checked
2023-09-08 13:39:59,561 - __main__ - INFO - Argument parser end
2023-09-08 13:40:02,274 - __main__ - INFO - Spark session created
2023-09-08 13:40:02,274 - __main__ - INFO - Extraction start
2023-09-08 13:40:05,892 - __main__ - INFO - DataFrame_1 extracted from CSV
2023-09-08 13:40:06,048 - __main__ - INFO - DataFrame_2 extracted from CSV
2023-09-08 13:40:06,048 - __main__ - INFO - Extraction end
2023-09-08 13:40:06,048 - __main__ - INFO - Transformation start
2023-09-08 13:40:06,064 - __main__ - INFO - DataFrames joined
2023-09-08 13:40:06,075 - __main__ - INFO - DataFrames columns renamed
2023-09-08 13:40:06,109 - __main__ - INFO - DataFrames filtered on countries
2023-09-08 13:40:06,109 - __main__ - INFO - Transformation end
2023-09-08 13:40:06,533 - __main__ - INFO - Load start
2023-09-08 13:40:06,787 - __main__ - INFO - DataFrame written to CSV
2023-09-08 13:40:06,787 - __main__ - INFO - Load end
2023-09-08 13:40:06,787 - __main__ - INFO - Program end
